0 info it worked if it ends with ok
1 verbose cli [ '/Users/trangdo/.nvm/versions/node/v6.16.0/bin/node',
1 verbose cli   '/Users/trangdo/.nvm/versions/node/v6.16.0/bin/npm',
1 verbose cli   'run',
1 verbose cli   'react-dev' ]
2 info using npm@3.10.10
3 info using node@v6.16.0
4 verbose run-script [ 'prereact-dev', 'react-dev', 'postreact-dev' ]
5 info lifecycle overview-photo@1.0.0~prereact-dev: overview-photo@1.0.0
6 silly lifecycle overview-photo@1.0.0~prereact-dev: no script for prereact-dev, continuing
7 info lifecycle overview-photo@1.0.0~react-dev: overview-photo@1.0.0
8 verbose lifecycle overview-photo@1.0.0~react-dev: unsafe-perm in lifecycle true
9 verbose lifecycle overview-photo@1.0.0~react-dev: PATH: /Users/trangdo/.nvm/versions/node/v6.16.0/lib/node_modules/npm/bin/node-gyp-bin:/Users/trangdo/Desktop/service_TD/OverviewPhoto/node_modules/.bin:/Users/trangdo/.nvm/versions/node/v6.16.0/bin:/usr/local/opt/mysql@5.7/bin:/usr/local/bin:/usr/bin:/bin:/usr/sbin:/sbin:/usr/local/opt/mysql@5.7/bin
10 verbose lifecycle overview-photo@1.0.0~react-dev: CWD: /Users/trangdo/Desktop/service_TD/OverviewPhoto
11 silly lifecycle overview-photo@1.0.0~react-dev: Args: [ '-c', 'webpack -d --watch' ]
12 silly lifecycle overview-photo@1.0.0~react-dev: Returned: code: 1  signal: null
13 info lifecycle overview-photo@1.0.0~react-dev: Failed to exec react-dev script
14 verbose stack Error: overview-photo@1.0.0 react-dev: `webpack -d --watch`
14 verbose stack Exit status 1
14 verbose stack     at EventEmitter.<anonymous> (/Users/trangdo/.nvm/versions/node/v6.16.0/lib/node_modules/npm/lib/utils/lifecycle.js:255:16)
14 verbose stack     at emitTwo (events.js:106:13)
14 verbose stack     at EventEmitter.emit (events.js:191:7)
14 verbose stack     at ChildProcess.<anonymous> (/Users/trangdo/.nvm/versions/node/v6.16.0/lib/node_modules/npm/lib/utils/spawn.js:40:14)
14 verbose stack     at emitTwo (events.js:106:13)
14 verbose stack     at ChildProcess.emit (events.js:191:7)
14 verbose stack     at maybeClose (internal/child_process.js:920:16)
14 verbose stack     at Process.ChildProcess._handle.onexit (internal/child_process.js:230:5)
15 verbose pkgid overview-photo@1.0.0
16 verbose cwd /Users/trangdo/Desktop/service_TD/OverviewPhoto
17 error Darwin 18.2.0
18 error argv "/Users/trangdo/.nvm/versions/node/v6.16.0/bin/node" "/Users/trangdo/.nvm/versions/node/v6.16.0/bin/npm" "run" "react-dev"
19 error node v6.16.0
20 error npm  v3.10.10
21 error code ELIFECYCLE
22 error overview-photo@1.0.0 react-dev: `webpack -d --watch`
22 error Exit status 1
23 error Failed at the overview-photo@1.0.0 react-dev script 'webpack -d --watch'.
23 error Make sure you have the latest version of node.js and npm installed.
23 error If you do, this is most likely a problem with the overview-photo package,
23 error not with npm itself.
23 error Tell the author that this fails on your system:
23 error     webpack -d --watch
23 error You can get information on how to open an issue for this project with:
23 error     npm bugs overview-photo
23 error Or if that isn't available, you can get their info via:
23 error     npm owner ls overview-photo
23 error There is likely additional logging output above.
24 verbose exit [ 1, true ]
